2026.04.21 23:45:30 INFO  tracing is disabled for protocol LSP, to enable tracing of incoming and outgoing JSON messages create an empty file at c:\java_labs\lab11-logging\.metals\lsp.trace.json or C:\Users\User\AppData\Local\scalameta\metals\cache\lsp.trace.json
2026.04.21 23:45:35 INFO  logging to files C:\java_labs\lab11-logging\.metals\metals.log
2026.04.21 23:45:35 INFO  Started: Metals version 1.6.7 in folders 'C:\java_labs\lab11-logging' for client Visual Studio Code 1.116.0.
2026.04.21 23:45:35 INFO  Memory monitor started
2026.04.21 23:45:37 WARN  Using H2 2.4.240 which is newer than the version Flyway has been verified with. The latest verified version of H2 is 2.3.232.
2026.04.21 23:45:38 INFO  no build target found for C:\java_labs\lab11-logging\src\main\java\com\lab11\App.java. Using fallback presentation compiler.
2026.04.21 23:45:40 INFO  no build target found for C:\java_labs\lab11-logging\src\main\java\com\lab11\App.java. Using fallback presentation compiler.
2026.04.21 23:47:07 INFO  no build target found for C:\java_labs\lab11-logging\src\main\java\com\lab11\App.java. Using fallback presentation compiler.
2026.04.21 23:47:07 WARN  no build target for: C:\java_labs\lab11-logging\src\main\java\com\lab11\App.java
2026.04.21 23:47:07 INFO  no build target found for C:\java_labs\lab11-logging\src\main\java\com\lab11\App.java. Using fallback presentation compiler.
2026.04.21 23:47:07 INFO  no build target found for C:\java_labs\lab11-logging\src\main\java\com\lab11\App.java. Using fallback presentation compiler.
2026.04.21 23:48:19 INFO  no build target found for C:\java_labs\lab11-logging\src\main\java\com\lab11\App.java. Using fallback presentation compiler.
2026.04.21 23:48:19 WARN  no build target for: C:\java_labs\lab11-logging\src\main\java\com\lab11\App.java
2026.04.21 23:48:19 INFO  no build target found for C:\java_labs\lab11-logging\src\main\java\com\lab11\App.java. Using fallback presentation compiler.
2026.04.21 23:48:19 INFO  no build target found for C:\java_labs\lab11-logging\src\main\java\com\lab11\App.java. Using fallback presentation compiler.
2026.04.21 23:48:21 INFO  no build target found for C:\java_labs\lab11-logging\src\main\java\com\lab11\App.java. Using fallback presentation compiler.
2026.04.21 23:48:21 INFO  no build target found for C:\java_labs\lab11-logging\src\main\java\com\lab11\App.java. Using fallback presentation compiler.
2026.04.21 23:48:22 INFO  no build target found for C:\java_labs\lab11-logging\src\main\java\com\lab11\App.java. Using fallback presentation compiler.
2026.04.21 23:48:22 INFO  no build target found for C:\java_labs\lab11-logging\src\main\java\com\lab11\App.java. Using fallback presentation compiler.
2026.04.21 23:48:22 INFO  no build target found for C:\java_labs\lab11-logging\src\main\java\com\lab11\App.java. Using fallback presentation compiler.
Apr 21, 2026 11:48:22 PM org.eclipse.lsp4j.jsonrpc.RemoteEndpoint handleCancellation
WARNING: Unmatched cancel notification for request id 25
2026.04.21 23:48:24 INFO  no build target found for C:\java_labs\lab11-logging\src\main\java\com\lab11\App.java. Using fallback presentation compiler.
2026.04.21 23:48:24 INFO  no build target found for C:\java_labs\lab11-logging\src\main\java\com\lab11\App.java. Using fallback presentation compiler.
2026.04.21 23:48:24 INFO  no build target found for C:\java_labs\lab11-logging\src\main\java\com\lab11\App.java. Using fallback presentation compiler.
2026.04.21 23:48:24 WARN  no build target for: C:\java_labs\lab11-logging\src\main\java\com\lab11\App.java
2026.04.21 23:48:24 INFO  no build target found for C:\java_labs\lab11-logging\src\main\java\com\lab11\App.java. Using fallback presentation compiler.
2026.04.21 23:48:24 INFO  no build target found for C:\java_labs\lab11-logging\src\main\java\com\lab11\App.java. Using fallback presentation compiler.
2026.04.21 23:48:26 INFO  no build target found for C:\java_labs\lab11-logging\src\main\java\com\lab11\App.java. Using fallback presentation compiler.
2026.04.21 23:48:38 INFO  no build target found for C:\java_labs\lab11-logging\src\main\java\com\lab11\App.java. Using fallback presentation compiler.
Apr 21, 2026 11:49:04 PM org.eclipse.lsp4j.jsonrpc.services.GenericEndpoint notify
INFO: Unsupported notification method: $/setTrace
2026.04.21 23:49:04 INFO  no build target found for C:\java_labs\lab11-logging\src\main\java\com\lab11\App.java. Using fallback presentation compiler.
Apr 21, 2026 11:49:05 PM org.eclipse.lsp4j.jsonrpc.services.GenericEndpoint notify
INFO: Unsupported notification method: $/setTrace
2026.04.21 23:49:05 INFO  no build target found for C:\java_labs\lab11-logging\src\main\java\com\lab11\App.java. Using fallback presentation compiler.
